nohup: ignoring input
2025-05-05 10:28:55.386462: I tensorflow/core/platform/cpu_feature_guard.cc:193] This TensorFlow binary is optimized with oneAPI Deep Neural Network Library (oneDNN) to use the following CPU instructions in performance-critical operations:  AVX2 AVX512F AVX512_VNNI FMA
To enable them in other operations, rebuild TensorFlow with the appropriate compiler flags.
2025-05-05 10:28:56.493984: I tensorflow/core/util/util.cc:169] oneDNN custom operations are on. You may see slightly different numerical results due to floating-point round-off errors from different computation orders. To turn them off, set the environment variable `TF_ENABLE_ONEDNN_OPTS=0`.
2025-05-05 10:28:57.136524: E tensorflow/stream_executor/cuda/cuda_blas.cc:2981] Unable to register cuBLAS factory: Attempting to register factory for plugin cuBLAS when one has already been registered
2025-05-05 10:29:03.840238: W tensorflow/stream_executor/platform/default/dso_loader.cc:64] Could not load dynamic library 'libnvinfer.so.7'; dlerror: libnvinfer.so.7: cannot open shared object file: No such file or directory
2025-05-05 10:29:03.840294: W tensorflow/stream_executor/platform/default/dso_loader.cc:64] Could not load dynamic library 'libnvinfer_plugin.so.7'; dlerror: libnvinfer_plugin.so.7: cannot open shared object file: No such file or directory
2025-05-05 10:29:03.840299: W tensorflow/compiler/tf2tensorrt/utils/py_utils.cc:38] TF-TRT Warning: Cannot dlopen some TensorRT libraries. If you would like to use Nvidia GPU with TensorRT, please make sure the missing libraries mentioned above are installed properly.
GPU libre encontrada: 0
Found 28709 images belonging to 7 classes.
Found 7178 images belonging to 7 classes.
Found 28709 images belonging to 7 classes.
2025-05-05 10:29:16.007749: I tensorflow/core/platform/cpu_feature_guard.cc:193] This TensorFlow binary is optimized with oneAPI Deep Neural Network Library (oneDNN) to use the following CPU instructions in performance-critical operations:  AVX2 AVX512F AVX512_VNNI FMA
To enable them in other operations, rebuild TensorFlow with the appropriate compiler flags.
2025-05-05 10:29:18.136581: I tensorflow/core/common_runtime/gpu/gpu_device.cc:1616] Created device /job:localhost/replica:0/task:0/device:GPU:0 with 14243 MB memory:  -> device: 0, name: NVIDIA RTX A4000, pci bus id: 0000:31:00.0, compute capability: 8.6
Model: "model"
__________________________________________________________________________________________________
 Layer (type)                   Output Shape         Param #     Connected to                     
==================================================================================================
 input_1 (InputLayer)           [(None, 64, 64, 1)]  0           []                               
                                                                                                  
 conv2d (Conv2D)                (None, 64, 64, 16)   160         ['input_1[0][0]']                
                                                                                                  
 batch_normalization (BatchNorm  (None, 64, 64, 16)  64          ['conv2d[0][0]']                 
 alization)                                                                                       
                                                                                                  
 activation (Activation)        (None, 64, 64, 16)   0           ['batch_normalization[0][0]']    
                                                                                                  
 conv2d_1 (Conv2D)              (None, 64, 64, 16)   2320        ['activation[0][0]']             
                                                                                                  
 batch_normalization_1 (BatchNo  (None, 64, 64, 16)  64          ['conv2d_1[0][0]']               
 rmalization)                                                                                     
                                                                                                  
 activation_1 (Activation)      (None, 64, 64, 16)   0           ['batch_normalization_1[0][0]']  
                                                                                                  
 conv2d_2 (Conv2D)              (None, 64, 64, 16)   2320        ['activation_1[0][0]']           
                                                                                                  
 batch_normalization_2 (BatchNo  (None, 64, 64, 16)  64          ['conv2d_2[0][0]']               
 rmalization)                                                                                     
                                                                                                  
 activation_2 (Activation)      (None, 64, 64, 16)   0           ['batch_normalization_2[0][0]']  
                                                                                                  
 conv2d_4 (Conv2D)              (None, 64, 64, 64)   1088        ['activation[0][0]']             
                                                                                                  
 conv2d_3 (Conv2D)              (None, 64, 64, 64)   1088        ['activation_2[0][0]']           
                                                                                                  
 add (Add)                      (None, 64, 64, 64)   0           ['conv2d_4[0][0]',               
                                                                  'conv2d_3[0][0]']               
                                                                                                  
 conv2d_5 (Conv2D)              (None, 64, 64, 16)   9232        ['add[0][0]']                    
                                                                                                  
 batch_normalization_3 (BatchNo  (None, 64, 64, 16)  64          ['conv2d_5[0][0]']               
 rmalization)                                                                                     
                                                                                                  
 activation_3 (Activation)      (None, 64, 64, 16)   0           ['batch_normalization_3[0][0]']  
                                                                                                  
 conv2d_6 (Conv2D)              (None, 64, 64, 16)   2320        ['activation_3[0][0]']           
                                                                                                  
 batch_normalization_4 (BatchNo  (None, 64, 64, 16)  64          ['conv2d_6[0][0]']               
 rmalization)                                                                                     
                                                                                                  
 activation_4 (Activation)      (None, 64, 64, 16)   0           ['batch_normalization_4[0][0]']  
                                                                                                  
 conv2d_7 (Conv2D)              (None, 64, 64, 64)   1088        ['activation_4[0][0]']           
                                                                                                  
 add_1 (Add)                    (None, 64, 64, 64)   0           ['add[0][0]',                    
                                                                  'conv2d_7[0][0]']               
                                                                                                  
 conv2d_8 (Conv2D)              (None, 64, 64, 16)   9232        ['add_1[0][0]']                  
                                                                                                  
 batch_normalization_5 (BatchNo  (None, 64, 64, 16)  64          ['conv2d_8[0][0]']               
 rmalization)                                                                                     
                                                                                                  
 activation_5 (Activation)      (None, 64, 64, 16)   0           ['batch_normalization_5[0][0]']  
                                                                                                  
 conv2d_9 (Conv2D)              (None, 64, 64, 16)   2320        ['activation_5[0][0]']           
                                                                                                  
 batch_normalization_6 (BatchNo  (None, 64, 64, 16)  64          ['conv2d_9[0][0]']               
 rmalization)                                                                                     
                                                                                                  
 activation_6 (Activation)      (None, 64, 64, 16)   0           ['batch_normalization_6[0][0]']  
                                                                                                  
 conv2d_10 (Conv2D)             (None, 64, 64, 64)   1088        ['activation_6[0][0]']           
                                                                                                  
 add_2 (Add)                    (None, 64, 64, 64)   0           ['add_1[0][0]',                  
                                                                  'conv2d_10[0][0]']              
                                                                                                  
 conv2d_11 (Conv2D)             (None, 64, 64, 16)   9232        ['add_2[0][0]']                  
                                                                                                  
 batch_normalization_7 (BatchNo  (None, 64, 64, 16)  64          ['conv2d_11[0][0]']              
 rmalization)                                                                                     
                                                                                                  
 activation_7 (Activation)      (None, 64, 64, 16)   0           ['batch_normalization_7[0][0]']  
                                                                                                  
 conv2d_12 (Conv2D)             (None, 64, 64, 16)   2320        ['activation_7[0][0]']           
                                                                                                  
 batch_normalization_8 (BatchNo  (None, 64, 64, 16)  64          ['conv2d_12[0][0]']              
 rmalization)                                                                                     
                                                                                                  
 activation_8 (Activation)      (None, 64, 64, 16)   0           ['batch_normalization_8[0][0]']  
                                                                                                  
 conv2d_13 (Conv2D)             (None, 64, 64, 64)   1088        ['activation_8[0][0]']           
                                                                                                  
 add_3 (Add)                    (None, 64, 64, 64)   0           ['add_2[0][0]',                  
                                                                  'conv2d_13[0][0]']              
                                                                                                  
 conv2d_14 (Conv2D)             (None, 64, 64, 16)   9232        ['add_3[0][0]']                  
                                                                                                  
 batch_normalization_9 (BatchNo  (None, 64, 64, 16)  64          ['conv2d_14[0][0]']              
 rmalization)                                                                                     
                                                                                                  
 activation_9 (Activation)      (None, 64, 64, 16)   0           ['batch_normalization_9[0][0]']  
                                                                                                  
 conv2d_15 (Conv2D)             (None, 64, 64, 16)   2320        ['activation_9[0][0]']           
                                                                                                  
 batch_normalization_10 (BatchN  (None, 64, 64, 16)  64          ['conv2d_15[0][0]']              
 ormalization)                                                                                    
                                                                                                  
 activation_10 (Activation)     (None, 64, 64, 16)   0           ['batch_normalization_10[0][0]'] 
                                                                                                  
 conv2d_16 (Conv2D)             (None, 64, 64, 64)   1088        ['activation_10[0][0]']          
                                                                                                  
 add_4 (Add)                    (None, 64, 64, 64)   0           ['add_3[0][0]',                  
                                                                  'conv2d_16[0][0]']              
                                                                                                  
 conv2d_17 (Conv2D)             (None, 64, 64, 16)   9232        ['add_4[0][0]']                  
                                                                                                  
 batch_normalization_11 (BatchN  (None, 64, 64, 16)  64          ['conv2d_17[0][0]']              
 ormalization)                                                                                    
                                                                                                  
 activation_11 (Activation)     (None, 64, 64, 16)   0           ['batch_normalization_11[0][0]'] 
                                                                                                  
 conv2d_18 (Conv2D)             (None, 64, 64, 16)   2320        ['activation_11[0][0]']          
                                                                                                  
 batch_normalization_12 (BatchN  (None, 64, 64, 16)  64          ['conv2d_18[0][0]']              
 ormalization)                                                                                    
                                                                                                  
 activation_12 (Activation)     (None, 64, 64, 16)   0           ['batch_normalization_12[0][0]'] 
                                                                                                  
 conv2d_19 (Conv2D)             (None, 64, 64, 64)   1088        ['activation_12[0][0]']          
                                                                                                  
 add_5 (Add)                    (None, 64, 64, 64)   0           ['add_4[0][0]',                  
                                                                  'conv2d_19[0][0]']              
                                                                                                  
 conv2d_20 (Conv2D)             (None, 64, 64, 16)   9232        ['add_5[0][0]']                  
                                                                                                  
 batch_normalization_13 (BatchN  (None, 64, 64, 16)  64          ['conv2d_20[0][0]']              
 ormalization)                                                                                    
                                                                                                  
 activation_13 (Activation)     (None, 64, 64, 16)   0           ['batch_normalization_13[0][0]'] 
                                                                                                  
 conv2d_21 (Conv2D)             (None, 64, 64, 16)   2320        ['activation_13[0][0]']          
                                                                                                  
 batch_normalization_14 (BatchN  (None, 64, 64, 16)  64          ['conv2d_21[0][0]']              
 ormalization)                                                                                    
                                                                                                  
 activation_14 (Activation)     (None, 64, 64, 16)   0           ['batch_normalization_14[0][0]'] 
                                                                                                  
 conv2d_22 (Conv2D)             (None, 64, 64, 64)   1088        ['activation_14[0][0]']          
                                                                                                  
 add_6 (Add)                    (None, 64, 64, 64)   0           ['add_5[0][0]',                  
                                                                  'conv2d_22[0][0]']              
                                                                                                  
 conv2d_23 (Conv2D)             (None, 64, 64, 16)   9232        ['add_6[0][0]']                  
                                                                                                  
 batch_normalization_15 (BatchN  (None, 64, 64, 16)  64          ['conv2d_23[0][0]']              
 ormalization)                                                                                    
                                                                                                  
 activation_15 (Activation)     (None, 64, 64, 16)   0           ['batch_normalization_15[0][0]'] 
                                                                                                  
 conv2d_24 (Conv2D)             (None, 64, 64, 16)   2320        ['activation_15[0][0]']          
                                                                                                  
 batch_normalization_16 (BatchN  (None, 64, 64, 16)  64          ['conv2d_24[0][0]']              
 ormalization)                                                                                    
                                                                                                  
 activation_16 (Activation)     (None, 64, 64, 16)   0           ['batch_normalization_16[0][0]'] 
                                                                                                  
 conv2d_25 (Conv2D)             (None, 64, 64, 64)   1088        ['activation_16[0][0]']          
                                                                                                  
 add_7 (Add)                    (None, 64, 64, 64)   0           ['add_6[0][0]',                  
                                                                  'conv2d_25[0][0]']              
                                                                                                  
 conv2d_26 (Conv2D)             (None, 64, 64, 16)   9232        ['add_7[0][0]']                  
                                                                                                  
 batch_normalization_17 (BatchN  (None, 64, 64, 16)  64          ['conv2d_26[0][0]']              
 ormalization)                                                                                    
                                                                                                  
 activation_17 (Activation)     (None, 64, 64, 16)   0           ['batch_normalization_17[0][0]'] 
                                                                                                  
 conv2d_27 (Conv2D)             (None, 64, 64, 16)   2320        ['activation_17[0][0]']          
                                                                                                  
 batch_normalization_18 (BatchN  (None, 64, 64, 16)  64          ['conv2d_27[0][0]']              
 ormalization)                                                                                    
                                                                                                  
 activation_18 (Activation)     (None, 64, 64, 16)   0           ['batch_normalization_18[0][0]'] 
                                                                                                  
 conv2d_28 (Conv2D)             (None, 64, 64, 64)   1088        ['activation_18[0][0]']          
                                                                                                  
 add_8 (Add)                    (None, 64, 64, 64)   0           ['add_7[0][0]',                  
                                                                  'conv2d_28[0][0]']              
                                                                                                  
 conv2d_29 (Conv2D)             (None, 64, 64, 16)   9232        ['add_8[0][0]']                  
                                                                                                  
 batch_normalization_19 (BatchN  (None, 64, 64, 16)  64          ['conv2d_29[0][0]']              
 ormalization)                                                                                    
                                                                                                  
 activation_19 (Activation)     (None, 64, 64, 16)   0           ['batch_normalization_19[0][0]'] 
                                                                                                  
 conv2d_30 (Conv2D)             (None, 64, 64, 16)   2320        ['activation_19[0][0]']          
                                                                                                  
 batch_normalization_20 (BatchN  (None, 64, 64, 16)  64          ['conv2d_30[0][0]']              
 ormalization)                                                                                    
                                                                                                  
 activation_20 (Activation)     (None, 64, 64, 16)   0           ['batch_normalization_20[0][0]'] 
                                                                                                  
 conv2d_31 (Conv2D)             (None, 64, 64, 64)   1088        ['activation_20[0][0]']          
                                                                                                  
 add_9 (Add)                    (None, 64, 64, 64)   0           ['add_8[0][0]',                  
                                                                  'conv2d_31[0][0]']              
                                                                                                  
 conv2d_32 (Conv2D)             (None, 64, 64, 16)   9232        ['add_9[0][0]']                  
                                                                                                  
 batch_normalization_21 (BatchN  (None, 64, 64, 16)  64          ['conv2d_32[0][0]']              
 ormalization)                                                                                    
                                                                                                  
 activation_21 (Activation)     (None, 64, 64, 16)   0           ['batch_normalization_21[0][0]'] 
                                                                                                  
 conv2d_33 (Conv2D)             (None, 64, 64, 16)   2320        ['activation_21[0][0]']          
                                                                                                  
 batch_normalization_22 (BatchN  (None, 64, 64, 16)  64          ['conv2d_33[0][0]']              
 ormalization)                                                                                    
                                                                                                  
 activation_22 (Activation)     (None, 64, 64, 16)   0           ['batch_normalization_22[0][0]'] 
                                                                                                  
 conv2d_34 (Conv2D)             (None, 64, 64, 64)   1088        ['activation_22[0][0]']          
                                                                                                  
 add_10 (Add)                   (None, 64, 64, 64)   0           ['add_9[0][0]',                  
                                                                  'conv2d_34[0][0]']              
                                                                                                  
 conv2d_35 (Conv2D)             (None, 32, 32, 64)   36928       ['add_10[0][0]']                 
                                                                                                  
 batch_normalization_23 (BatchN  (None, 32, 32, 64)  256         ['conv2d_35[0][0]']              
 ormalization)                                                                                    
                                                                                                  
 activation_23 (Activation)     (None, 32, 32, 64)   0           ['batch_normalization_23[0][0]'] 
                                                                                                  
 conv2d_36 (Conv2D)             (None, 32, 32, 64)   36928       ['activation_23[0][0]']          
                                                                                                  
 batch_normalization_24 (BatchN  (None, 32, 32, 64)  256         ['conv2d_36[0][0]']              
 ormalization)                                                                                    
                                                                                                  
 activation_24 (Activation)     (None, 32, 32, 64)   0           ['batch_normalization_24[0][0]'] 
                                                                                                  
 conv2d_38 (Conv2D)             (None, 32, 32, 128)  8320        ['add_10[0][0]']                 
                                                                                                  
 conv2d_37 (Conv2D)             (None, 32, 32, 128)  8320        ['activation_24[0][0]']          
                                                                                                  
 add_11 (Add)                   (None, 32, 32, 128)  0           ['conv2d_38[0][0]',              
                                                                  'conv2d_37[0][0]']              
                                                                                                  
 conv2d_39 (Conv2D)             (None, 32, 32, 64)   73792       ['add_11[0][0]']                 
                                                                                                  
 batch_normalization_25 (BatchN  (None, 32, 32, 64)  256         ['conv2d_39[0][0]']              
 ormalization)                                                                                    
                                                                                                  
 activation_25 (Activation)     (None, 32, 32, 64)   0           ['batch_normalization_25[0][0]'] 
                                                                                                  
 conv2d_40 (Conv2D)             (None, 32, 32, 64)   36928       ['activation_25[0][0]']          
                                                                                                  
 batch_normalization_26 (BatchN  (None, 32, 32, 64)  256         ['conv2d_40[0][0]']              
 ormalization)                                                                                    
                                                                                                  
 activation_26 (Activation)     (None, 32, 32, 64)   0           ['batch_normalization_26[0][0]'] 
                                                                                                  
 conv2d_41 (Conv2D)             (None, 32, 32, 128)  8320        ['activation_26[0][0]']          
                                                                                                  
 add_12 (Add)                   (None, 32, 32, 128)  0           ['add_11[0][0]',                 
                                                                  'conv2d_41[0][0]']              
                                                                                                  
 conv2d_42 (Conv2D)             (None, 32, 32, 64)   73792       ['add_12[0][0]']                 
                                                                                                  
 batch_normalization_27 (BatchN  (None, 32, 32, 64)  256         ['conv2d_42[0][0]']              
 ormalization)                                                                                    
                                                                                                  
 activation_27 (Activation)     (None, 32, 32, 64)   0           ['batch_normalization_27[0][0]'] 
                                                                                                  
 conv2d_43 (Conv2D)             (None, 32, 32, 64)   36928       ['activation_27[0][0]']          
                                                                                                  
 batch_normalization_28 (BatchN  (None, 32, 32, 64)  256         ['conv2d_43[0][0]']              
 ormalization)                                                                                    
                                                                                                  
 activation_28 (Activation)     (None, 32, 32, 64)   0           ['batch_normalization_28[0][0]'] 
                                                                                                  
 conv2d_44 (Conv2D)             (None, 32, 32, 128)  8320        ['activation_28[0][0]']          
                                                                                                  
 add_13 (Add)                   (None, 32, 32, 128)  0           ['add_12[0][0]',                 
                                                                  'conv2d_44[0][0]']              
                                                                                                  
 conv2d_45 (Conv2D)             (None, 32, 32, 64)   73792       ['add_13[0][0]']                 
                                                                                                  
 batch_normalization_29 (BatchN  (None, 32, 32, 64)  256         ['conv2d_45[0][0]']              
 ormalization)                                                                                    
                                                                                                  
 activation_29 (Activation)     (None, 32, 32, 64)   0           ['batch_normalization_29[0][0]'] 
                                                                                                  
 conv2d_46 (Conv2D)             (None, 32, 32, 64)   36928       ['activation_29[0][0]']          
                                                                                                  
 batch_normalization_30 (BatchN  (None, 32, 32, 64)  256         ['conv2d_46[0][0]']              
 ormalization)                                                                                    
                                                                                                  
 activation_30 (Activation)     (None, 32, 32, 64)   0           ['batch_normalization_30[0][0]'] 
                                                                                                  
 conv2d_47 (Conv2D)             (None, 32, 32, 128)  8320        ['activation_30[0][0]']          
                                                                                                  
 add_14 (Add)                   (None, 32, 32, 128)  0           ['add_13[0][0]',                 
                                                                  'conv2d_47[0][0]']              
                                                                                                  
 conv2d_48 (Conv2D)             (None, 32, 32, 64)   73792       ['add_14[0][0]']                 
                                                                                                  
 batch_normalization_31 (BatchN  (None, 32, 32, 64)  256         ['conv2d_48[0][0]']              
 ormalization)                                                                                    
                                                                                                  
 activation_31 (Activation)     (None, 32, 32, 64)   0           ['batch_normalization_31[0][0]'] 
                                                                                                  
 conv2d_49 (Conv2D)             (None, 32, 32, 64)   36928       ['activation_31[0][0]']          
                                                                                                  
 batch_normalization_32 (BatchN  (None, 32, 32, 64)  256         ['conv2d_49[0][0]']              
 ormalization)                                                                                    
                                                                                                  
 activation_32 (Activation)     (None, 32, 32, 64)   0           ['batch_normalization_32[0][0]'] 
                                                                                                  
 conv2d_50 (Conv2D)             (None, 32, 32, 128)  8320        ['activation_32[0][0]']          
                                                                                                  
 add_15 (Add)                   (None, 32, 32, 128)  0           ['add_14[0][0]',                 
                                                                  'conv2d_50[0][0]']              
                                                                                                  
 conv2d_51 (Conv2D)             (None, 32, 32, 64)   73792       ['add_15[0][0]']                 
                                                                                                  
 batch_normalization_33 (BatchN  (None, 32, 32, 64)  256         ['conv2d_51[0][0]']              
 ormalization)                                                                                    
                                                                                                  
 activation_33 (Activation)     (None, 32, 32, 64)   0           ['batch_normalization_33[0][0]'] 
                                                                                                  
 conv2d_52 (Conv2D)             (None, 32, 32, 64)   36928       ['activation_33[0][0]']          
                                                                                                  
 batch_normalization_34 (BatchN  (None, 32, 32, 64)  256         ['conv2d_52[0][0]']              
 ormalization)                                                                                    
                                                                                                  
 activation_34 (Activation)     (None, 32, 32, 64)   0           ['batch_normalization_34[0][0]'] 
                                                                                                  
 conv2d_53 (Conv2D)             (None, 32, 32, 128)  8320        ['activation_34[0][0]']          
                                                                                                  
 add_16 (Add)                   (None, 32, 32, 128)  0           ['add_15[0][0]',                 
                                                                  'conv2d_53[0][0]']              
                                                                                                  
 conv2d_54 (Conv2D)             (None, 32, 32, 64)   73792       ['add_16[0][0]']                 
                                                                                                  
 batch_normalization_35 (BatchN  (None, 32, 32, 64)  256         ['conv2d_54[0][0]']              
 ormalization)                                                                                    
                                                                                                  
 activation_35 (Activation)     (None, 32, 32, 64)   0           ['batch_normalization_35[0][0]'] 
                                                                                                  
 conv2d_55 (Conv2D)             (None, 32, 32, 64)   36928       ['activation_35[0][0]']          
                                                                                                  
 batch_normalization_36 (BatchN  (None, 32, 32, 64)  256         ['conv2d_55[0][0]']              
 ormalization)                                                                                    
                                                                                                  
 activation_36 (Activation)     (None, 32, 32, 64)   0           ['batch_normalization_36[0][0]'] 
                                                                                                  
 conv2d_56 (Conv2D)             (None, 32, 32, 128)  8320        ['activation_36[0][0]']          
                                                                                                  
 add_17 (Add)                   (None, 32, 32, 128)  0           ['add_16[0][0]',                 
                                                                  'conv2d_56[0][0]']              
                                                                                                  
 conv2d_57 (Conv2D)             (None, 32, 32, 64)   73792       ['add_17[0][0]']                 
                                                                                                  
 batch_normalization_37 (BatchN  (None, 32, 32, 64)  256         ['conv2d_57[0][0]']              
 ormalization)                                                                                    
                                                                                                  
 activation_37 (Activation)     (None, 32, 32, 64)   0           ['batch_normalization_37[0][0]'] 
                                                                                                  
 conv2d_58 (Conv2D)             (None, 32, 32, 64)   36928       ['activation_37[0][0]']          
                                                                                                  
 batch_normalization_38 (BatchN  (None, 32, 32, 64)  256         ['conv2d_58[0][0]']              
 ormalization)                                                                                    
                                                                                                  
 activation_38 (Activation)     (None, 32, 32, 64)   0           ['batch_normalization_38[0][0]'] 
                                                                                                  
 conv2d_59 (Conv2D)             (None, 32, 32, 128)  8320        ['activation_38[0][0]']          
                                                                                                  
 add_18 (Add)                   (None, 32, 32, 128)  0           ['add_17[0][0]',                 
                                                                  'conv2d_59[0][0]']              
                                                                                                  
 conv2d_60 (Conv2D)             (None, 32, 32, 64)   73792       ['add_18[0][0]']                 
                                                                                                  
 batch_normalization_39 (BatchN  (None, 32, 32, 64)  256         ['conv2d_60[0][0]']              
 ormalization)                                                                                    
                                                                                                  
 activation_39 (Activation)     (None, 32, 32, 64)   0           ['batch_normalization_39[0][0]'] 
                                                                                                  
 conv2d_61 (Conv2D)             (None, 32, 32, 64)   36928       ['activation_39[0][0]']          
                                                                                                  
 batch_normalization_40 (BatchN  (None, 32, 32, 64)  256         ['conv2d_61[0][0]']              
 ormalization)                                                                                    
                                                                                                  
 activation_40 (Activation)     (None, 32, 32, 64)   0           ['batch_normalization_40[0][0]'] 
                                                                                                  
 conv2d_62 (Conv2D)             (None, 32, 32, 128)  8320        ['activation_40[0][0]']          
                                                                                                  
 add_19 (Add)                   (None, 32, 32, 128)  0           ['add_18[0][0]',                 
                                                                  'conv2d_62[0][0]']              
                                                                                                  
 conv2d_63 (Conv2D)             (None, 32, 32, 64)   73792       ['add_19[0][0]']                 
                                                                                                  
 batch_normalization_41 (BatchN  (None, 32, 32, 64)  256         ['conv2d_63[0][0]']              
 ormalization)                                                                                    
                                                                                                  
 activation_41 (Activation)     (None, 32, 32, 64)   0           ['batch_normalization_41[0][0]'] 
                                                                                                  
 conv2d_64 (Conv2D)             (None, 32, 32, 64)   36928       ['activation_41[0][0]']          
                                                                                                  
 batch_normalization_42 (BatchN  (None, 32, 32, 64)  256         ['conv2d_64[0][0]']              
 ormalization)                                                                                    
                                                                                                  
 activation_42 (Activation)     (None, 32, 32, 64)   0           ['batch_normalization_42[0][0]'] 
                                                                                                  
 conv2d_65 (Conv2D)             (None, 32, 32, 128)  8320        ['activation_42[0][0]']          
                                                                                                  
 add_20 (Add)                   (None, 32, 32, 128)  0           ['add_19[0][0]',                 
                                                                  'conv2d_65[0][0]']              
                                                                                                  
 conv2d_66 (Conv2D)             (None, 32, 32, 64)   73792       ['add_20[0][0]']                 
                                                                                                  
 batch_normalization_43 (BatchN  (None, 32, 32, 64)  256         ['conv2d_66[0][0]']              
 ormalization)                                                                                    
                                                                                                  
 activation_43 (Activation)     (None, 32, 32, 64)   0           ['batch_normalization_43[0][0]'] 
                                                                                                  
 conv2d_67 (Conv2D)             (None, 32, 32, 64)   36928       ['activation_43[0][0]']          
                                                                                                  
 batch_normalization_44 (BatchN  (None, 32, 32, 64)  256         ['conv2d_67[0][0]']              
 ormalization)                                                                                    
                                                                                                  
 activation_44 (Activation)     (None, 32, 32, 64)   0           ['batch_normalization_44[0][0]'] 
                                                                                                  
 conv2d_68 (Conv2D)             (None, 32, 32, 128)  8320        ['activation_44[0][0]']          
                                                                                                  
 add_21 (Add)                   (None, 32, 32, 128)  0           ['add_20[0][0]',                 
                                                                  'conv2d_68[0][0]']              
                                                                                                  
 conv2d_69 (Conv2D)             (None, 16, 16, 128)  147584      ['add_21[0][0]']                 
                                                                                                  
 batch_normalization_45 (BatchN  (None, 16, 16, 128)  512        ['conv2d_69[0][0]']              
 ormalization)                                                                                    
                                                                                                  
 activation_45 (Activation)     (None, 16, 16, 128)  0           ['batch_normalization_45[0][0]'] 
                                                                                                  
 conv2d_70 (Conv2D)             (None, 16, 16, 128)  147584      ['activation_45[0][0]']          
                                                                                                  
 batch_normalization_46 (BatchN  (None, 16, 16, 128)  512        ['conv2d_70[0][0]']              
 ormalization)                                                                                    
                                                                                                  
 activation_46 (Activation)     (None, 16, 16, 128)  0           ['batch_normalization_46[0][0]'] 
                                                                                                  
 conv2d_72 (Conv2D)             (None, 16, 16, 256)  33024       ['add_21[0][0]']                 
                                                                                                  
 conv2d_71 (Conv2D)             (None, 16, 16, 256)  33024       ['activation_46[0][0]']          
                                                                                                  
 add_22 (Add)                   (None, 16, 16, 256)  0           ['conv2d_72[0][0]',              
                                                                  'conv2d_71[0][0]']              
                                                                                                  
 conv2d_73 (Conv2D)             (None, 16, 16, 128)  295040      ['add_22[0][0]']                 
                                                                                                  
 batch_normalization_47 (BatchN  (None, 16, 16, 128)  512        ['conv2d_73[0][0]']              
 ormalization)                                                                                    
                                                                                                  
 activation_47 (Activation)     (None, 16, 16, 128)  0           ['batch_normalization_47[0][0]'] 
                                                                                                  
 conv2d_74 (Conv2D)             (None, 16, 16, 128)  147584      ['activation_47[0][0]']          
                                                                                                  
 batch_normalization_48 (BatchN  (None, 16, 16, 128)  512        ['conv2d_74[0][0]']              
 ormalization)                                                                                    
                                                                                                  
 activation_48 (Activation)     (None, 16, 16, 128)  0           ['batch_normalization_48[0][0]'] 
                                                                                                  
 conv2d_75 (Conv2D)             (None, 16, 16, 256)  33024       ['activation_48[0][0]']          
                                                                                                  
 add_23 (Add)                   (None, 16, 16, 256)  0           ['add_22[0][0]',                 
                                                                  'conv2d_75[0][0]']              
                                                                                                  
 conv2d_76 (Conv2D)             (None, 16, 16, 128)  295040      ['add_23[0][0]']                 
                                                                                                  
 batch_normalization_49 (BatchN  (None, 16, 16, 128)  512        ['conv2d_76[0][0]']              
 ormalization)                                                                                    
                                                                                                  
 activation_49 (Activation)     (None, 16, 16, 128)  0           ['batch_normalization_49[0][0]'] 
                                                                                                  
 conv2d_77 (Conv2D)             (None, 16, 16, 128)  147584      ['activation_49[0][0]']          
                                                                                                  
 batch_normalization_50 (BatchN  (None, 16, 16, 128)  512        ['conv2d_77[0][0]']              
 ormalization)                                                                                    
                                                                                                  
 activation_50 (Activation)     (None, 16, 16, 128)  0           ['batch_normalization_50[0][0]'] 
                                                                                                  
 conv2d_78 (Conv2D)             (None, 16, 16, 256)  33024       ['activation_50[0][0]']          
                                                                                                  
 add_24 (Add)                   (None, 16, 16, 256)  0           ['add_23[0][0]',                 
                                                                  'conv2d_78[0][0]']              
                                                                                                  
 conv2d_79 (Conv2D)             (None, 16, 16, 128)  295040      ['add_24[0][0]']                 
                                                                                                  
 batch_normalization_51 (BatchN  (None, 16, 16, 128)  512        ['conv2d_79[0][0]']              
 ormalization)                                                                                    
                                                                                                  
 activation_51 (Activation)     (None, 16, 16, 128)  0           ['batch_normalization_51[0][0]'] 
                                                                                                  
 conv2d_80 (Conv2D)             (None, 16, 16, 128)  147584      ['activation_51[0][0]']          
                                                                                                  
 batch_normalization_52 (BatchN  (None, 16, 16, 128)  512        ['conv2d_80[0][0]']              
 ormalization)                                                                                    
                                                                                                  
 activation_52 (Activation)     (None, 16, 16, 128)  0           ['batch_normalization_52[0][0]'] 
                                                                                                  
 conv2d_81 (Conv2D)             (None, 16, 16, 256)  33024       ['activation_52[0][0]']          
                                                                                                  
 add_25 (Add)                   (None, 16, 16, 256)  0           ['add_24[0][0]',                 
                                                                  'conv2d_81[0][0]']              
                                                                                                  
 conv2d_82 (Conv2D)             (None, 16, 16, 128)  295040      ['add_25[0][0]']                 
                                                                                                  
 batch_normalization_53 (BatchN  (None, 16, 16, 128)  512        ['conv2d_82[0][0]']              
 ormalization)                                                                                    
                                                                                                  
 activation_53 (Activation)     (None, 16, 16, 128)  0           ['batch_normalization_53[0][0]'] 
                                                                                                  
 conv2d_83 (Conv2D)             (None, 16, 16, 128)  147584      ['activation_53[0][0]']          
                                                                                                  
 batch_normalization_54 (BatchN  (None, 16, 16, 128)  512        ['conv2d_83[0][0]']              
 ormalization)                                                                                    
                                                                                                  
 activation_54 (Activation)     (None, 16, 16, 128)  0           ['batch_normalization_54[0][0]'] 
                                                                                                  
 conv2d_84 (Conv2D)             (None, 16, 16, 256)  33024       ['activation_54[0][0]']          
                                                                                                  
 add_26 (Add)                   (None, 16, 16, 256)  0           ['add_25[0][0]',                 
                                                                  'conv2d_84[0][0]']              
                                                                                                  
 conv2d_85 (Conv2D)             (None, 16, 16, 128)  295040      ['add_26[0][0]']                 
                                                                                                  
 batch_normalization_55 (BatchN  (None, 16, 16, 128)  512        ['conv2d_85[0][0]']              
 ormalization)                                                                                    
                                                                                                  
 activation_55 (Activation)     (None, 16, 16, 128)  0           ['batch_normalization_55[0][0]'] 
                                                                                                  
 conv2d_86 (Conv2D)             (None, 16, 16, 128)  147584      ['activation_55[0][0]']          
                                                                                                  
 batch_normalization_56 (BatchN  (None, 16, 16, 128)  512        ['conv2d_86[0][0]']              
 ormalization)                                                                                    
                                                                                                  
 activation_56 (Activation)     (None, 16, 16, 128)  0           ['batch_normalization_56[0][0]'] 
                                                                                                  
 conv2d_87 (Conv2D)             (None, 16, 16, 256)  33024       ['activation_56[0][0]']          
                                                                                                  
 add_27 (Add)                   (None, 16, 16, 256)  0           ['add_26[0][0]',                 
                                                                  'conv2d_87[0][0]']              
                                                                                                  
 conv2d_88 (Conv2D)             (None, 16, 16, 128)  295040      ['add_27[0][0]']                 
                                                                                                  
 batch_normalization_57 (BatchN  (None, 16, 16, 128)  512        ['conv2d_88[0][0]']              
 ormalization)                                                                                    
                                                                                                  
 activation_57 (Activation)     (None, 16, 16, 128)  0           ['batch_normalization_57[0][0]'] 
                                                                                                  
 conv2d_89 (Conv2D)             (None, 16, 16, 128)  147584      ['activation_57[0][0]']          
                                                                                                  
 batch_normalization_58 (BatchN  (None, 16, 16, 128)  512        ['conv2d_89[0][0]']              
 ormalization)                                                                                    
                                                                                                  
 activation_58 (Activation)     (None, 16, 16, 128)  0           ['batch_normalization_58[0][0]'] 
                                                                                                  
 conv2d_90 (Conv2D)             (None, 16, 16, 256)  33024       ['activation_58[0][0]']          
                                                                                                  
 add_28 (Add)                   (None, 16, 16, 256)  0           ['add_27[0][0]',                 
                                                                  'conv2d_90[0][0]']              
                                                                                                  
 conv2d_91 (Conv2D)             (None, 16, 16, 128)  295040      ['add_28[0][0]']                 
                                                                                                  
 batch_normalization_59 (BatchN  (None, 16, 16, 128)  512        ['conv2d_91[0][0]']              
 ormalization)                                                                                    
                                                                                                  
 activation_59 (Activation)     (None, 16, 16, 128)  0           ['batch_normalization_59[0][0]'] 
                                                                                                  
 conv2d_92 (Conv2D)             (None, 16, 16, 128)  147584      ['activation_59[0][0]']          
                                                                                                  
 batch_normalization_60 (BatchN  (None, 16, 16, 128)  512        ['conv2d_92[0][0]']              
 ormalization)                                                                                    
                                                                                                  
 activation_60 (Activation)     (None, 16, 16, 128)  0           ['batch_normalization_60[0][0]'] 
                                                                                                  
 conv2d_93 (Conv2D)             (None, 16, 16, 256)  33024       ['activation_60[0][0]']          
                                                                                                  
 add_29 (Add)                   (None, 16, 16, 256)  0           ['add_28[0][0]',                 
                                                                  'conv2d_93[0][0]']              
                                                                                                  
 conv2d_94 (Conv2D)             (None, 16, 16, 128)  295040      ['add_29[0][0]']                 
                                                                                                  
 batch_normalization_61 (BatchN  (None, 16, 16, 128)  512        ['conv2d_94[0][0]']              
 ormalization)                                                                                    
                                                                                                  
 activation_61 (Activation)     (None, 16, 16, 128)  0           ['batch_normalization_61[0][0]'] 
                                                                                                  
 conv2d_95 (Conv2D)             (None, 16, 16, 128)  147584      ['activation_61[0][0]']          
                                                                                                  
 batch_normalization_62 (BatchN  (None, 16, 16, 128)  512        ['conv2d_95[0][0]']              
 ormalization)                                                                                    
                                                                                                  
 activation_62 (Activation)     (None, 16, 16, 128)  0           ['batch_normalization_62[0][0]'] 
                                                                                                  
 conv2d_96 (Conv2D)             (None, 16, 16, 256)  33024       ['activation_62[0][0]']          
                                                                                                  
 add_30 (Add)                   (None, 16, 16, 256)  0           ['add_29[0][0]',                 
                                                                  'conv2d_96[0][0]']              
                                                                                                  
 conv2d_97 (Conv2D)             (None, 16, 16, 128)  295040      ['add_30[0][0]']                 
                                                                                                  
 batch_normalization_63 (BatchN  (None, 16, 16, 128)  512        ['conv2d_97[0][0]']              
 ormalization)                                                                                    
                                                                                                  
 activation_63 (Activation)     (None, 16, 16, 128)  0           ['batch_normalization_63[0][0]'] 
                                                                                                  
 conv2d_98 (Conv2D)             (None, 16, 16, 128)  147584      ['activation_63[0][0]']          
                                                                                                  
 batch_normalization_64 (BatchN  (None, 16, 16, 128)  512        ['conv2d_98[0][0]']              
 ormalization)                                                                                    
                                                                                                  
 activation_64 (Activation)     (None, 16, 16, 128)  0           ['batch_normalization_64[0][0]'] 
                                                                                                  
 conv2d_99 (Conv2D)             (None, 16, 16, 256)  33024       ['activation_64[0][0]']          
                                                                                                  
 add_31 (Add)                   (None, 16, 16, 256)  0           ['add_30[0][0]',                 
                                                                  'conv2d_99[0][0]']              
                                                                                                  
 conv2d_100 (Conv2D)            (None, 16, 16, 128)  295040      ['add_31[0][0]']                 
                                                                                                  
 batch_normalization_65 (BatchN  (None, 16, 16, 128)  512        ['conv2d_100[0][0]']             
 ormalization)                                                                                    
                                                                                                  
 activation_65 (Activation)     (None, 16, 16, 128)  0           ['batch_normalization_65[0][0]'] 
                                                                                                  
 conv2d_101 (Conv2D)            (None, 16, 16, 128)  147584      ['activation_65[0][0]']          
                                                                                                  
 batch_normalization_66 (BatchN  (None, 16, 16, 128)  512        ['conv2d_101[0][0]']             
 ormalization)                                                                                    
                                                                                                  
 activation_66 (Activation)     (None, 16, 16, 128)  0           ['batch_normalization_66[0][0]'] 
                                                                                                  
 conv2d_102 (Conv2D)            (None, 16, 16, 256)  33024       ['activation_66[0][0]']          
                                                                                                  
 add_32 (Add)                   (None, 16, 16, 256)  0           ['add_31[0][0]',                 
                                                                  'conv2d_102[0][0]']             
                                                                                                  
 batch_normalization_67 (BatchN  (None, 16, 16, 256)  1024       ['add_32[0][0]']                 
 ormalization)                                                                                    
                                                                                                  
 activation_67 (Activation)     (None, 16, 16, 256)  0           ['batch_normalization_67[0][0]'] 
                                                                                                  
 average_pooling2d (AveragePool  (None, 2, 2, 256)   0           ['activation_67[0][0]']          
 ing2D)                                                                                           
                                                                                                  
 flatten (Flatten)              (None, 1024)         0           ['average_pooling2d[0][0]']      
                                                                                                  
 dense (Dense)                  (None, 7)            7175        ['flatten[0][0]']                
                                                                                                  
==================================================================================================
Total params: 6,558,535
Trainable params: 6,548,839
Non-trainable params: 9,696
__________________________________________________________________________________________________
Epoch 1/200
2025-05-05 10:29:31.082693: I tensorflow/stream_executor/cuda/cuda_dnn.cc:384] Loaded cuDNN version 8401
2025-05-05 10:29:37.289092: I tensorflow/core/platform/default/subprocess.cc:304] Start cannot spawn child process: No such file or directory
2025-05-05 10:29:37.289303: I tensorflow/core/platform/default/subprocess.cc:304] Start cannot spawn child process: No such file or directory
2025-05-05 10:29:37.289315: W tensorflow/stream_executor/gpu/asm_compiler.cc:80] Couldn't get ptxas version string: INTERNAL: Couldn't invoke ptxas --version
2025-05-05 10:29:37.289499: I tensorflow/core/platform/default/subprocess.cc:304] Start cannot spawn child process: No such file or directory
2025-05-05 10:29:37.289539: W tensorflow/stream_executor/gpu/redzone_allocator.cc:314] INTERNAL: Failed to launch ptxas
Relying on driver to perform ptx compilation. 
Modify $PATH to customize ptxas location.
This message will be only logged once.
2025-05-05 10:29:37.613752: I tensorflow/stream_executor/cuda/cuda_blas.cc:1614] TensorFloat-32 will be used for the matrix multiplication. This will only be logged once.

Epoch 1: saving model to /home/cursos/ima543_2025_1/ima543_ealan/datos/Tarea_28_04/saved_models/ResnetV2_ResNet20v2.h5
898/898 - 136s - loss: 1.9655 - accuracy: 0.1714 - val_loss: 1.9003 - val_accuracy: 0.1747 - lr: 0.0100 - 136s/epoch - 151ms/step
Epoch 2/200

Epoch 2: saving model to /home/cursos/ima543_2025_1/ima543_ealan/datos/Tarea_28_04/saved_models/ResnetV2_ResNet20v2.h5
898/898 - 115s - loss: 1.9269 - accuracy: 0.1669 - val_loss: 2.0462 - val_accuracy: 0.1952 - lr: 0.0100 - 115s/epoch - 128ms/step
Epoch 3/200

Epoch 3: saving model to /home/cursos/ima543_2025_1/ima543_ealan/datos/Tarea_28_04/saved_models/ResnetV2_ResNet20v2.h5
898/898 - 115s - loss: 1.9145 - accuracy: 0.2038 - val_loss: 1.8853 - val_accuracy: 0.2251 - lr: 0.0100 - 115s/epoch - 128ms/step
Epoch 4/200

Epoch 4: saving model to /home/cursos/ima543_2025_1/ima543_ealan/datos/Tarea_28_04/saved_models/ResnetV2_ResNet20v2.h5
898/898 - 115s - loss: 1.8793 - accuracy: 0.2283 - val_loss: 1.9534 - val_accuracy: 0.1793 - lr: 0.0100 - 115s/epoch - 128ms/step
Epoch 5/200

Epoch 5: saving model to /home/cursos/ima543_2025_1/ima543_ealan/datos/Tarea_28_04/saved_models/ResnetV2_ResNet20v2.h5
898/898 - 132s - loss: 1.8055 - accuracy: 0.2667 - val_loss: 1.7195 - val_accuracy: 0.3296 - lr: 0.0100 - 132s/epoch - 147ms/step
Epoch 6/200

Epoch 6: saving model to /home/cursos/ima543_2025_1/ima543_ealan/datos/Tarea_28_04/saved_models/ResnetV2_ResNet20v2.h5
898/898 - 121s - loss: 1.7197 - accuracy: 0.3152 - val_loss: 2.0981 - val_accuracy: 0.2774 - lr: 0.0100 - 121s/epoch - 134ms/step
Epoch 7/200

Epoch 7: saving model to /home/cursos/ima543_2025_1/ima543_ealan/datos/Tarea_28_04/saved_models/ResnetV2_ResNet20v2.h5
898/898 - 115s - loss: 1.6122 - accuracy: 0.3789 - val_loss: 1.5973 - val_accuracy: 0.3795 - lr: 0.0100 - 115s/epoch - 128ms/step
Epoch 8/200

Epoch 8: saving model to /home/cursos/ima543_2025_1/ima543_ealan/datos/Tarea_28_04/saved_models/ResnetV2_ResNet20v2.h5
898/898 - 115s - loss: 1.5152 - accuracy: 0.4152 - val_loss: 1.3833 - val_accuracy: 0.4670 - lr: 0.0100 - 115s/epoch - 128ms/step
Epoch 9/200

Epoch 9: saving model to /home/cursos/ima543_2025_1/ima543_ealan/datos/Tarea_28_04/saved_models/ResnetV2_ResNet20v2.h5
898/898 - 115s - loss: 1.4552 - accuracy: 0.4445 - val_loss: 1.5416 - val_accuracy: 0.4214 - lr: 0.0100 - 115s/epoch - 128ms/step
Epoch 10/200

Epoch 10: saving model to /home/cursos/ima543_2025_1/ima543_ealan/datos/Tarea_28_04/saved_models/ResnetV2_ResNet20v2.h5
898/898 - 115s - loss: 1.4079 - accuracy: 0.4678 - val_loss: 1.3885 - val_accuracy: 0.4833 - lr: 0.0100 - 115s/epoch - 128ms/step
Epoch 11/200

Epoch 11: saving model to /home/cursos/ima543_2025_1/ima543_ealan/datos/Tarea_28_04/saved_models/ResnetV2_ResNet20v2.h5
898/898 - 115s - loss: 1.3716 - accuracy: 0.4787 - val_loss: 1.2920 - val_accuracy: 0.5096 - lr: 0.0100 - 115s/epoch - 128ms/step
Epoch 12/200

Epoch 12: saving model to /home/cursos/ima543_2025_1/ima543_ealan/datos/Tarea_28_04/saved_models/ResnetV2_ResNet20v2.h5
898/898 - 115s - loss: 1.3347 - accuracy: 0.4957 - val_loss: 1.3552 - val_accuracy: 0.4902 - lr: 0.0100 - 115s/epoch - 128ms/step
Epoch 13/200

Epoch 13: saving model to /home/cursos/ima543_2025_1/ima543_ealan/datos/Tarea_28_04/saved_models/ResnetV2_ResNet20v2.h5
898/898 - 115s - loss: 1.3054 - accuracy: 0.5031 - val_loss: 1.4886 - val_accuracy: 0.4430 - lr: 0.0100 - 115s/epoch - 128ms/step
Epoch 14/200

Epoch 14: saving model to /home/cursos/ima543_2025_1/ima543_ealan/datos/Tarea_28_04/saved_models/ResnetV2_ResNet20v2.h5
898/898 - 115s - loss: 1.2819 - accuracy: 0.5143 - val_loss: 1.2788 - val_accuracy: 0.5220 - lr: 0.0100 - 115s/epoch - 128ms/step
Epoch 15/200

Epoch 15: saving model to /home/cursos/ima543_2025_1/ima543_ealan/datos/Tarea_28_04/saved_models/ResnetV2_ResNet20v2.h5
898/898 - 115s - loss: 1.2445 - accuracy: 0.5231 - val_loss: 1.3726 - val_accuracy: 0.4753 - lr: 0.0100 - 115s/epoch - 128ms/step
Epoch 16/200

Epoch 16: saving model to /home/cursos/ima543_2025_1/ima543_ealan/datos/Tarea_28_04/saved_models/ResnetV2_ResNet20v2.h5
898/898 - 115s - loss: 1.2359 - accuracy: 0.5319 - val_loss: 1.2458 - val_accuracy: 0.5283 - lr: 0.0100 - 115s/epoch - 128ms/step
Epoch 17/200

Epoch 17: saving model to /home/cursos/ima543_2025_1/ima543_ealan/datos/Tarea_28_04/saved_models/ResnetV2_ResNet20v2.h5
898/898 - 115s - loss: 1.2205 - accuracy: 0.5326 - val_loss: 1.3088 - val_accuracy: 0.5072 - lr: 0.0100 - 115s/epoch - 128ms/step
Epoch 18/200

Epoch 18: saving model to /home/cursos/ima543_2025_1/ima543_ealan/datos/Tarea_28_04/saved_models/ResnetV2_ResNet20v2.h5
898/898 - 115s - loss: 1.1924 - accuracy: 0.5435 - val_loss: 1.4033 - val_accuracy: 0.4707 - lr: 0.0100 - 115s/epoch - 128ms/step
Epoch 19/200

Epoch 19: saving model to /home/cursos/ima543_2025_1/ima543_ealan/datos/Tarea_28_04/saved_models/ResnetV2_ResNet20v2.h5
898/898 - 115s - loss: 1.1761 - accuracy: 0.5483 - val_loss: 1.1997 - val_accuracy: 0.5479 - lr: 0.0100 - 115s/epoch - 128ms/step
Epoch 20/200

Epoch 20: saving model to /home/cursos/ima543_2025_1/ima543_ealan/datos/Tarea_28_04/saved_models/ResnetV2_ResNet20v2.h5
898/898 - 115s - loss: 1.1608 - accuracy: 0.5521 - val_loss: 1.2722 - val_accuracy: 0.5173 - lr: 0.0100 - 115s/epoch - 128ms/step
Epoch 21/200

Epoch 21: saving model to /home/cursos/ima543_2025_1/ima543_ealan/datos/Tarea_28_04/saved_models/ResnetV2_ResNet20v2.h5
898/898 - 114s - loss: 1.1414 - accuracy: 0.5574 - val_loss: 1.2329 - val_accuracy: 0.5410 - lr: 0.0100 - 114s/epoch - 127ms/step
Epoch 22/200

Epoch 22: saving model to /home/cursos/ima543_2025_1/ima543_ealan/datos/Tarea_28_04/saved_models/ResnetV2_ResNet20v2.h5
898/898 - 115s - loss: 1.1286 - accuracy: 0.5602 - val_loss: 1.1780 - val_accuracy: 0.5489 - lr: 0.0100 - 115s/epoch - 128ms/step
Epoch 23/200

Epoch 23: saving model to /home/cursos/ima543_2025_1/ima543_ealan/datos/Tarea_28_04/saved_models/ResnetV2_ResNet20v2.h5
898/898 - 114s - loss: 1.1244 - accuracy: 0.5644 - val_loss: 1.2030 - val_accuracy: 0.5492 - lr: 0.0100 - 114s/epoch - 127ms/step
Epoch 24/200

Epoch 24: saving model to /home/cursos/ima543_2025_1/ima543_ealan/datos/Tarea_28_04/saved_models/ResnetV2_ResNet20v2.h5
898/898 - 115s - loss: 1.0996 - accuracy: 0.5722 - val_loss: 1.3318 - val_accuracy: 0.5131 - lr: 0.0100 - 115s/epoch - 128ms/step
Epoch 25/200

Epoch 25: saving model to /home/cursos/ima543_2025_1/ima543_ealan/datos/Tarea_28_04/saved_models/ResnetV2_ResNet20v2.h5
898/898 - 115s - loss: 1.0897 - accuracy: 0.5787 - val_loss: 1.1936 - val_accuracy: 0.5508 - lr: 0.0100 - 115s/epoch - 128ms/step
Epoch 26/200

Epoch 26: saving model to /home/cursos/ima543_2025_1/ima543_ealan/datos/Tarea_28_04/saved_models/ResnetV2_ResNet20v2.h5
898/898 - 114s - loss: 1.0676 - accuracy: 0.5835 - val_loss: 1.2321 - val_accuracy: 0.5379 - lr: 0.0100 - 114s/epoch - 127ms/step
Epoch 27/200

Epoch 27: saving model to /home/cursos/ima543_2025_1/ima543_ealan/datos/Tarea_28_04/saved_models/ResnetV2_ResNet20v2.h5
898/898 - 115s - loss: 1.0661 - accuracy: 0.5836 - val_loss: 1.1159 - val_accuracy: 0.5768 - lr: 0.0100 - 115s/epoch - 128ms/step
Epoch 28/200

Epoch 28: saving model to /home/cursos/ima543_2025_1/ima543_ealan/datos/Tarea_28_04/saved_models/ResnetV2_ResNet20v2.h5
898/898 - 115s - loss: 1.0655 - accuracy: 0.5870 - val_loss: 1.1640 - val_accuracy: 0.5627 - lr: 0.0100 - 115s/epoch - 128ms/step
Epoch 29/200

Epoch 29: saving model to /home/cursos/ima543_2025_1/ima543_ealan/datos/Tarea_28_04/saved_models/ResnetV2_ResNet20v2.h5
898/898 - 115s - loss: 1.0395 - accuracy: 0.5918 - val_loss: 1.0958 - val_accuracy: 0.5910 - lr: 0.0100 - 115s/epoch - 128ms/step
Epoch 30/200

Epoch 30: saving model to /home/cursos/ima543_2025_1/ima543_ealan/datos/Tarea_28_04/saved_models/ResnetV2_ResNet20v2.h5
898/898 - 115s - loss: 1.0320 - accuracy: 0.5929 - val_loss: 1.2858 - val_accuracy: 0.5293 - lr: 0.0100 - 115s/epoch - 128ms/step
Epoch 31/200

Epoch 31: saving model to /home/cursos/ima543_2025_1/ima543_ealan/datos/Tarea_28_04/saved_models/ResnetV2_ResNet20v2.h5
898/898 - 115s - loss: 1.0115 - accuracy: 0.5983 - val_loss: 1.1933 - val_accuracy: 0.5626 - lr: 0.0100 - 115s/epoch - 128ms/step
Epoch 32/200

Epoch 32: saving model to /home/cursos/ima543_2025_1/ima543_ealan/datos/Tarea_28_04/saved_models/ResnetV2_ResNet20v2.h5
898/898 - 115s - loss: 1.0115 - accuracy: 0.6005 - val_loss: 1.2656 - val_accuracy: 0.5391 - lr: 0.0100 - 115s/epoch - 128ms/step
Epoch 33/200

Epoch 33: saving model to /home/cursos/ima543_2025_1/ima543_ealan/datos/Tarea_28_04/saved_models/ResnetV2_ResNet20v2.h5
898/898 - 115s - loss: 1.0063 - accuracy: 0.6018 - val_loss: 1.0870 - val_accuracy: 0.5957 - lr: 0.0100 - 115s/epoch - 128ms/step
Epoch 34/200

Epoch 34: saving model to /home/cursos/ima543_2025_1/ima543_ealan/datos/Tarea_28_04/saved_models/ResnetV2_ResNet20v2.h5
898/898 - 115s - loss: 0.9952 - accuracy: 0.6059 - val_loss: 1.2121 - val_accuracy: 0.5561 - lr: 0.0100 - 115s/epoch - 128ms/step
Epoch 35/200

Epoch 35: saving model to /home/cursos/ima543_2025_1/ima543_ealan/datos/Tarea_28_04/saved_models/ResnetV2_ResNet20v2.h5
898/898 - 115s - loss: 0.9766 - accuracy: 0.6095 - val_loss: 1.1057 - val_accuracy: 0.5846 - lr: 0.0100 - 115s/epoch - 128ms/step
Epoch 36/200

Epoch 36: saving model to /home/cursos/ima543_2025_1/ima543_ealan/datos/Tarea_28_04/saved_models/ResnetV2_ResNet20v2.h5
898/898 - 115s - loss: 0.9754 - accuracy: 0.6116 - val_loss: 1.0894 - val_accuracy: 0.5903 - lr: 0.0100 - 115s/epoch - 128ms/step
Epoch 37/200

Epoch 37: saving model to /home/cursos/ima543_2025_1/ima543_ealan/datos/Tarea_28_04/saved_models/ResnetV2_ResNet20v2.h5
898/898 - 115s - loss: 0.9641 - accuracy: 0.6150 - val_loss: 1.1415 - val_accuracy: 0.5875 - lr: 0.0100 - 115s/epoch - 128ms/step
Epoch 38/200

Epoch 38: saving model to /home/cursos/ima543_2025_1/ima543_ealan/datos/Tarea_28_04/saved_models/ResnetV2_ResNet20v2.h5
898/898 - 115s - loss: 0.9573 - accuracy: 0.6170 - val_loss: 1.1464 - val_accuracy: 0.5779 - lr: 0.0032 - 115s/epoch - 128ms/step
Epoch 39/200

Epoch 39: saving model to /home/cursos/ima543_2025_1/ima543_ealan/datos/Tarea_28_04/saved_models/ResnetV2_ResNet20v2.h5
898/898 - 115s - loss: 0.9456 - accuracy: 0.6208 - val_loss: 1.1346 - val_accuracy: 0.5828 - lr: 0.0100 - 115s/epoch - 128ms/step
Epoch 40/200

Epoch 40: saving model to /home/cursos/ima543_2025_1/ima543_ealan/datos/Tarea_28_04/saved_models/ResnetV2_ResNet20v2.h5
898/898 - 115s - loss: 0.9304 - accuracy: 0.6263 - val_loss: 1.1574 - val_accuracy: 0.5726 - lr: 0.0100 - 115s/epoch - 128ms/step
Epoch 41/200

Epoch 41: saving model to /home/cursos/ima543_2025_1/ima543_ealan/datos/Tarea_28_04/saved_models/ResnetV2_ResNet20v2.h5
898/898 - 115s - loss: 0.9396 - accuracy: 0.6260 - val_loss: 1.1260 - val_accuracy: 0.5883 - lr: 0.0100 - 115s/epoch - 128ms/step
Epoch 42/200

Epoch 42: saving model to /home/cursos/ima543_2025_1/ima543_ealan/datos/Tarea_28_04/saved_models/ResnetV2_ResNet20v2.h5
898/898 - 115s - loss: 0.9132 - accuracy: 0.6332 - val_loss: 1.0895 - val_accuracy: 0.5989 - lr: 0.0100 - 115s/epoch - 128ms/step
Epoch 43/200

Epoch 43: saving model to /home/cursos/ima543_2025_1/ima543_ealan/datos/Tarea_28_04/saved_models/ResnetV2_ResNet20v2.h5
898/898 - 115s - loss: 0.9088 - accuracy: 0.6345 - val_loss: 1.1260 - val_accuracy: 0.5907 - lr: 0.0032 - 115s/epoch - 128ms/step
Epoch 44/200

Epoch 44: saving model to /home/cursos/ima543_2025_1/ima543_ealan/datos/Tarea_28_04/saved_models/ResnetV2_ResNet20v2.h5
898/898 - 115s - loss: 0.9101 - accuracy: 0.6336 - val_loss: 1.1977 - val_accuracy: 0.5553 - lr: 0.0100 - 115s/epoch - 129ms/step
Epoch 45/200

Epoch 45: saving model to /home/cursos/ima543_2025_1/ima543_ealan/datos/Tarea_28_04/saved_models/ResnetV2_ResNet20v2.h5
898/898 - 118s - loss: 0.8997 - accuracy: 0.6381 - val_loss: 1.2076 - val_accuracy: 0.5786 - lr: 0.0100 - 118s/epoch - 132ms/step
Epoch 46/200

Epoch 46: saving model to /home/cursos/ima543_2025_1/ima543_ealan/datos/Tarea_28_04/saved_models/ResnetV2_ResNet20v2.h5
898/898 - 116s - loss: 0.9073 - accuracy: 0.6359 - val_loss: 1.0515 - val_accuracy: 0.6145 - lr: 0.0100 - 116s/epoch - 129ms/step
Epoch 47/200

Epoch 47: saving model to /home/cursos/ima543_2025_1/ima543_ealan/datos/Tarea_28_04/saved_models/ResnetV2_ResNet20v2.h5
898/898 - 116s - loss: 0.8909 - accuracy: 0.6391 - val_loss: 1.0580 - val_accuracy: 0.6172 - lr: 0.0100 - 116s/epoch - 129ms/step
Epoch 48/200

Epoch 48: saving model to /home/cursos/ima543_2025_1/ima543_ealan/datos/Tarea_28_04/saved_models/ResnetV2_ResNet20v2.h5
898/898 - 115s - loss: 0.8895 - accuracy: 0.6397 - val_loss: 1.0867 - val_accuracy: 0.6032 - lr: 0.0100 - 115s/epoch - 128ms/step
Epoch 49/200

Epoch 49: saving model to /home/cursos/ima543_2025_1/ima543_ealan/datos/Tarea_28_04/saved_models/ResnetV2_ResNet20v2.h5
898/898 - 115s - loss: 0.8719 - accuracy: 0.6478 - val_loss: 1.0275 - val_accuracy: 0.6290 - lr: 0.0100 - 115s/epoch - 128ms/step
Epoch 50/200

Epoch 50: saving model to /home/cursos/ima543_2025_1/ima543_ealan/datos/Tarea_28_04/saved_models/ResnetV2_ResNet20v2.h5
898/898 - 115s - loss: 0.8816 - accuracy: 0.6453 - val_loss: 1.0425 - val_accuracy: 0.6206 - lr: 0.0100 - 115s/epoch - 128ms/step
Epoch 51/200

Epoch 51: saving model to /home/cursos/ima543_2025_1/ima543_ealan/datos/Tarea_28_04/saved_models/ResnetV2_ResNet20v2.h5
898/898 - 115s - loss: 0.8637 - accuracy: 0.6500 - val_loss: 1.0723 - val_accuracy: 0.6123 - lr: 0.0100 - 115s/epoch - 128ms/step
Epoch 52/200

Epoch 52: saving model to /home/cursos/ima543_2025_1/ima543_ealan/datos/Tarea_28_04/saved_models/ResnetV2_ResNet20v2.h5
898/898 - 115s - loss: 0.8637 - accuracy: 0.6505 - val_loss: 1.0545 - val_accuracy: 0.6173 - lr: 0.0100 - 115s/epoch - 128ms/step
Epoch 53/200

Epoch 53: saving model to /home/cursos/ima543_2025_1/ima543_ealan/datos/Tarea_28_04/saved_models/ResnetV2_ResNet20v2.h5
898/898 - 115s - loss: 0.8475 - accuracy: 0.6550 - val_loss: 1.0508 - val_accuracy: 0.6154 - lr: 0.0100 - 115s/epoch - 128ms/step
Epoch 54/200

Epoch 54: saving model to /home/cursos/ima543_2025_1/ima543_ealan/datos/Tarea_28_04/saved_models/ResnetV2_ResNet20v2.h5
898/898 - 115s - loss: 0.8441 - accuracy: 0.6591 - val_loss: 1.1104 - val_accuracy: 0.6030 - lr: 0.0032 - 115s/epoch - 128ms/step
Epoch 55/200

Epoch 55: saving model to /home/cursos/ima543_2025_1/ima543_ealan/datos/Tarea_28_04/saved_models/ResnetV2_ResNet20v2.h5
898/898 - 115s - loss: 0.8260 - accuracy: 0.6620 - val_loss: 1.1095 - val_accuracy: 0.6002 - lr: 0.0100 - 115s/epoch - 128ms/step
Epoch 56/200

Epoch 56: saving model to /home/cursos/ima543_2025_1/ima543_ealan/datos/Tarea_28_04/saved_models/ResnetV2_ResNet20v2.h5
898/898 - 115s - loss: 0.8288 - accuracy: 0.6612 - val_loss: 1.1238 - val_accuracy: 0.5946 - lr: 0.0100 - 115s/epoch - 128ms/step
Epoch 57/200

Epoch 57: saving model to /home/cursos/ima543_2025_1/ima543_ealan/datos/Tarea_28_04/saved_models/ResnetV2_ResNet20v2.h5
898/898 - 115s - loss: 0.8314 - accuracy: 0.6661 - val_loss: 1.1861 - val_accuracy: 0.5823 - lr: 0.0100 - 115s/epoch - 128ms/step
Epoch 58/200

Epoch 58: saving model to /home/cursos/ima543_2025_1/ima543_ealan/datos/Tarea_28_04/saved_models/ResnetV2_ResNet20v2.h5
898/898 - 115s - loss: 0.8196 - accuracy: 0.6673 - val_loss: 1.0658 - val_accuracy: 0.6172 - lr: 0.0100 - 115s/epoch - 128ms/step
Epoch 59/200

Epoch 59: saving model to /home/cursos/ima543_2025_1/ima543_ealan/datos/Tarea_28_04/saved_models/ResnetV2_ResNet20v2.h5
898/898 - 115s - loss: 0.8280 - accuracy: 0.6630 - val_loss: 1.1897 - val_accuracy: 0.5833 - lr: 0.0032 - 115s/epoch - 128ms/step
Epoch 60/200

Epoch 60: saving model to /home/cursos/ima543_2025_1/ima543_ealan/datos/Tarea_28_04/saved_models/ResnetV2_ResNet20v2.h5
898/898 - 115s - loss: 0.8029 - accuracy: 0.6735 - val_loss: 1.0682 - val_accuracy: 0.6115 - lr: 0.0100 - 115s/epoch - 128ms/step
Epoch 61/200

Epoch 61: saving model to /home/cursos/ima543_2025_1/ima543_ealan/datos/Tarea_28_04/saved_models/ResnetV2_ResNet20v2.h5
898/898 - 115s - loss: 0.7961 - accuracy: 0.6767 - val_loss: 1.0506 - val_accuracy: 0.6156 - lr: 0.0100 - 115s/epoch - 128ms/step
Epoch 62/200

Epoch 62: saving model to /home/cursos/ima543_2025_1/ima543_ealan/datos/Tarea_28_04/saved_models/ResnetV2_ResNet20v2.h5
898/898 - 115s - loss: 0.8079 - accuracy: 0.6738 - val_loss: 1.0542 - val_accuracy: 0.6197 - lr: 0.0100 - 115s/epoch - 128ms/step
Epoch 63/200

Epoch 63: saving model to /home/cursos/ima543_2025_1/ima543_ealan/datos/Tarea_28_04/saved_models/ResnetV2_ResNet20v2.h5
898/898 - 115s - loss: 0.7853 - accuracy: 0.6780 - val_loss: 1.0058 - val_accuracy: 0.6432 - lr: 0.0100 - 115s/epoch - 128ms/step
Epoch 64/200

Epoch 64: saving model to /home/cursos/ima543_2025_1/ima543_ealan/datos/Tarea_28_04/saved_models/ResnetV2_ResNet20v2.h5
898/898 - 115s - loss: 0.7879 - accuracy: 0.6795 - val_loss: 1.2201 - val_accuracy: 0.5673 - lr: 0.0100 - 115s/epoch - 128ms/step
Epoch 65/200

Epoch 65: saving model to /home/cursos/ima543_2025_1/ima543_ealan/datos/Tarea_28_04/saved_models/ResnetV2_ResNet20v2.h5
898/898 - 115s - loss: 0.7735 - accuracy: 0.6828 - val_loss: 1.0230 - val_accuracy: 0.6276 - lr: 0.0100 - 115s/epoch - 128ms/step
Epoch 66/200

Epoch 66: saving model to /home/cursos/ima543_2025_1/ima543_ealan/datos/Tarea_28_04/saved_models/ResnetV2_ResNet20v2.h5
898/898 - 115s - loss: 0.7760 - accuracy: 0.6806 - val_loss: 1.1689 - val_accuracy: 0.5797 - lr: 0.0100 - 115s/epoch - 128ms/step
Epoch 67/200

Epoch 67: saving model to /home/cursos/ima543_2025_1/ima543_ealan/datos/Tarea_28_04/saved_models/ResnetV2_ResNet20v2.h5
898/898 - 115s - loss: 0.7668 - accuracy: 0.6858 - val_loss: 1.0898 - val_accuracy: 0.6166 - lr: 0.0100 - 115s/epoch - 128ms/step
Epoch 68/200

Epoch 68: saving model to /home/cursos/ima543_2025_1/ima543_ealan/datos/Tarea_28_04/saved_models/ResnetV2_ResNet20v2.h5
898/898 - 115s - loss: 0.7583 - accuracy: 0.6899 - val_loss: 1.0523 - val_accuracy: 0.6244 - lr: 0.0032 - 115s/epoch - 128ms/step
Epoch 69/200

Epoch 69: saving model to /home/cursos/ima543_2025_1/ima543_ealan/datos/Tarea_28_04/saved_models/ResnetV2_ResNet20v2.h5
898/898 - 115s - loss: 0.7407 - accuracy: 0.6945 - val_loss: 1.1168 - val_accuracy: 0.6046 - lr: 0.0100 - 115s/epoch - 128ms/step
Epoch 70/200

Epoch 70: saving model to /home/cursos/ima543_2025_1/ima543_ealan/datos/Tarea_28_04/saved_models/ResnetV2_ResNet20v2.h5
898/898 - 115s - loss: 0.7477 - accuracy: 0.6932 - val_loss: 1.0497 - val_accuracy: 0.6245 - lr: 0.0100 - 115s/epoch - 128ms/step
Epoch 71/200

Epoch 71: saving model to /home/cursos/ima543_2025_1/ima543_ealan/datos/Tarea_28_04/saved_models/ResnetV2_ResNet20v2.h5
898/898 - 115s - loss: 0.7547 - accuracy: 0.6925 - val_loss: 1.0389 - val_accuracy: 0.6317 - lr: 0.0100 - 115s/epoch - 128ms/step
Epoch 72/200

Epoch 72: saving model to /home/cursos/ima543_2025_1/ima543_ealan/datos/Tarea_28_04/saved_models/ResnetV2_ResNet20v2.h5
898/898 - 115s - loss: 0.7468 - accuracy: 0.6965 - val_loss: 1.0465 - val_accuracy: 0.6262 - lr: 0.0100 - 115s/epoch - 128ms/step
Epoch 73/200

Epoch 73: saving model to /home/cursos/ima543_2025_1/ima543_ealan/datos/Tarea_28_04/saved_models/ResnetV2_ResNet20v2.h5
898/898 - 115s - loss: 0.7314 - accuracy: 0.7008 - val_loss: 1.0325 - val_accuracy: 0.6350 - lr: 0.0032 - 115s/epoch - 128ms/step
Epoch 74/200

Epoch 74: saving model to /home/cursos/ima543_2025_1/ima543_ealan/datos/Tarea_28_04/saved_models/ResnetV2_ResNet20v2.h5
898/898 - 115s - loss: 0.7282 - accuracy: 0.7012 - val_loss: 1.0436 - val_accuracy: 0.6372 - lr: 0.0100 - 115s/epoch - 128ms/step
Epoch 75/200

Epoch 75: saving model to /home/cursos/ima543_2025_1/ima543_ealan/datos/Tarea_28_04/saved_models/ResnetV2_ResNet20v2.h5
898/898 - 115s - loss: 0.7097 - accuracy: 0.7109 - val_loss: 1.0398 - val_accuracy: 0.6386 - lr: 0.0100 - 115s/epoch - 128ms/step
Epoch 76/200

Epoch 76: saving model to /home/cursos/ima543_2025_1/ima543_ealan/datos/Tarea_28_04/saved_models/ResnetV2_ResNet20v2.h5
898/898 - 115s - loss: 0.7206 - accuracy: 0.7046 - val_loss: 1.1871 - val_accuracy: 0.5938 - lr: 0.0100 - 115s/epoch - 128ms/step
Epoch 77/200

Epoch 77: saving model to /home/cursos/ima543_2025_1/ima543_ealan/datos/Tarea_28_04/saved_models/ResnetV2_ResNet20v2.h5
898/898 - 115s - loss: 0.7023 - accuracy: 0.7122 - val_loss: 1.1692 - val_accuracy: 0.5925 - lr: 0.0100 - 115s/epoch - 128ms/step
Epoch 78/200

Epoch 78: saving model to /home/cursos/ima543_2025_1/ima543_ealan/datos/Tarea_28_04/saved_models/ResnetV2_ResNet20v2.h5
898/898 - 115s - loss: 0.7224 - accuracy: 0.7077 - val_loss: 1.0691 - val_accuracy: 0.6234 - lr: 0.0032 - 115s/epoch - 128ms/step
Epoch 79/200

Epoch 79: saving model to /home/cursos/ima543_2025_1/ima543_ealan/datos/Tarea_28_04/saved_models/ResnetV2_ResNet20v2.h5
898/898 - 116s - loss: 0.6938 - accuracy: 0.7140 - val_loss: 1.0407 - val_accuracy: 0.6273 - lr: 0.0100 - 116s/epoch - 129ms/step
Epoch 80/200

Epoch 80: saving model to /home/cursos/ima543_2025_1/ima543_ealan/datos/Tarea_28_04/saved_models/ResnetV2_ResNet20v2.h5
898/898 - 116s - loss: 0.6999 - accuracy: 0.7124 - val_loss: 1.0722 - val_accuracy: 0.6262 - lr: 0.0100 - 116s/epoch - 129ms/step
Epoch 81/200

Epoch 81: saving model to /home/cursos/ima543_2025_1/ima543_ealan/datos/Tarea_28_04/saved_models/ResnetV2_ResNet20v2.h5
898/898 - 115s - loss: 0.6893 - accuracy: 0.7186 - val_loss: 1.1514 - val_accuracy: 0.6138 - lr: 0.0100 - 115s/epoch - 128ms/step
Epoch 82/200

Epoch 82: saving model to /home/cursos/ima543_2025_1/ima543_ealan/datos/Tarea_28_04/saved_models/ResnetV2_ResNet20v2.h5
898/898 - 115s - loss: 0.6296 - accuracy: 0.7408 - val_loss: 0.9929 - val_accuracy: 0.6583 - lr: 0.0010 - 115s/epoch - 128ms/step
Epoch 83/200

Epoch 83: saving model to /home/cursos/ima543_2025_1/ima543_ealan/datos/Tarea_28_04/saved_models/ResnetV2_ResNet20v2.h5
898/898 - 119s - loss: 0.5878 - accuracy: 0.7573 - val_loss: 0.9990 - val_accuracy: 0.6580 - lr: 0.0010 - 119s/epoch - 132ms/step
Epoch 84/200

Epoch 84: saving model to /home/cursos/ima543_2025_1/ima543_ealan/datos/Tarea_28_04/saved_models/ResnetV2_ResNet20v2.h5
898/898 - 115s - loss: 0.5748 - accuracy: 0.7660 - val_loss: 1.0086 - val_accuracy: 0.6592 - lr: 0.0010 - 115s/epoch - 128ms/step
Epoch 85/200

Epoch 85: saving model to /home/cursos/ima543_2025_1/ima543_ealan/datos/Tarea_28_04/saved_models/ResnetV2_ResNet20v2.h5
898/898 - 115s - loss: 0.5668 - accuracy: 0.7672 - val_loss: 1.0165 - val_accuracy: 0.6567 - lr: 0.0010 - 115s/epoch - 128ms/step
Epoch 86/200

Epoch 86: saving model to /home/cursos/ima543_2025_1/ima543_ealan/datos/Tarea_28_04/saved_models/ResnetV2_ResNet20v2.h5
898/898 - 115s - loss: 0.5527 - accuracy: 0.7699 - val_loss: 1.0079 - val_accuracy: 0.6616 - lr: 0.0010 - 115s/epoch - 128ms/step
Epoch 87/200

Epoch 87: saving model to /home/cursos/ima543_2025_1/ima543_ealan/datos/Tarea_28_04/saved_models/ResnetV2_ResNet20v2.h5
898/898 - 115s - loss: 0.5515 - accuracy: 0.7723 - val_loss: 1.0069 - val_accuracy: 0.6627 - lr: 3.1623e-04 - 115s/epoch - 128ms/step
Epoch 88/200

Epoch 88: saving model to /home/cursos/ima543_2025_1/ima543_ealan/datos/Tarea_28_04/saved_models/ResnetV2_ResNet20v2.h5
898/898 - 116s - loss: 0.5447 - accuracy: 0.7749 - val_loss: 1.0219 - val_accuracy: 0.6612 - lr: 0.0010 - 116s/epoch - 129ms/step
Epoch 89/200

Epoch 89: saving model to /home/cursos/ima543_2025_1/ima543_ealan/datos/Tarea_28_04/saved_models/ResnetV2_ResNet20v2.h5
898/898 - 117s - loss: 0.5356 - accuracy: 0.7776 - val_loss: 1.0299 - val_accuracy: 0.6608 - lr: 0.0010 - 117s/epoch - 130ms/step
Epoch 90/200

Epoch 90: saving model to /home/cursos/ima543_2025_1/ima543_ealan/datos/Tarea_28_04/saved_models/ResnetV2_ResNet20v2.h5
898/898 - 131s - loss: 0.5327 - accuracy: 0.7801 - val_loss: 1.0406 - val_accuracy: 0.6570 - lr: 0.0010 - 131s/epoch - 146ms/step
Epoch 91/200

Epoch 91: saving model to /home/cursos/ima543_2025_1/ima543_ealan/datos/Tarea_28_04/saved_models/ResnetV2_ResNet20v2.h5
898/898 - 131s - loss: 0.5328 - accuracy: 0.7782 - val_loss: 1.0434 - val_accuracy: 0.6573 - lr: 0.0010 - 131s/epoch - 146ms/step
Epoch 92/200

Epoch 92: saving model to /home/cursos/ima543_2025_1/ima543_ealan/datos/Tarea_28_04/saved_models/ResnetV2_ResNet20v2.h5
898/898 - 133s - loss: 0.5259 - accuracy: 0.7824 - val_loss: 1.0335 - val_accuracy: 0.6602 - lr: 3.1623e-04 - 133s/epoch - 148ms/step
Epoch 93/200

Epoch 93: saving model to /home/cursos/ima543_2025_1/ima543_ealan/datos/Tarea_28_04/saved_models/ResnetV2_ResNet20v2.h5
898/898 - 131s - loss: 0.5252 - accuracy: 0.7826 - val_loss: 1.0301 - val_accuracy: 0.6669 - lr: 0.0010 - 131s/epoch - 146ms/step
Epoch 94/200

Epoch 94: saving model to /home/cursos/ima543_2025_1/ima543_ealan/datos/Tarea_28_04/saved_models/ResnetV2_ResNet20v2.h5
898/898 - 131s - loss: 0.5167 - accuracy: 0.7882 - val_loss: 1.0414 - val_accuracy: 0.6630 - lr: 0.0010 - 131s/epoch - 146ms/step
Epoch 95/200

Epoch 95: saving model to /home/cursos/ima543_2025_1/ima543_ealan/datos/Tarea_28_04/saved_models/ResnetV2_ResNet20v2.h5
898/898 - 132s - loss: 0.5114 - accuracy: 0.7883 - val_loss: 1.0321 - val_accuracy: 0.6609 - lr: 0.0010 - 132s/epoch - 147ms/step
Epoch 96/200

Epoch 96: saving model to /home/cursos/ima543_2025_1/ima543_ealan/datos/Tarea_28_04/saved_models/ResnetV2_ResNet20v2.h5
898/898 - 129s - loss: 0.5107 - accuracy: 0.7870 - val_loss: 1.0556 - val_accuracy: 0.6608 - lr: 0.0010 - 129s/epoch - 144ms/step
Epoch 97/200

Epoch 97: saving model to /home/cursos/ima543_2025_1/ima543_ealan/datos/Tarea_28_04/saved_models/ResnetV2_ResNet20v2.h5
898/898 - 115s - loss: 0.5038 - accuracy: 0.7898 - val_loss: 1.0616 - val_accuracy: 0.6570 - lr: 3.1623e-04 - 115s/epoch - 128ms/step
Epoch 98/200

Epoch 98: saving model to /home/cursos/ima543_2025_1/ima543_ealan/datos/Tarea_28_04/saved_models/ResnetV2_ResNet20v2.h5
898/898 - 115s - loss: 0.5058 - accuracy: 0.7941 - val_loss: 1.0642 - val_accuracy: 0.6613 - lr: 0.0010 - 115s/epoch - 128ms/step
Epoch 99/200

Epoch 99: saving model to /home/cursos/ima543_2025_1/ima543_ealan/datos/Tarea_28_04/saved_models/ResnetV2_ResNet20v2.h5
898/898 - 115s - loss: 0.4990 - accuracy: 0.7932 - val_loss: 1.0624 - val_accuracy: 0.6633 - lr: 0.0010 - 115s/epoch - 128ms/step
Epoch 100/200

Epoch 100: saving model to /home/cursos/ima543_2025_1/ima543_ealan/datos/Tarea_28_04/saved_models/ResnetV2_ResNet20v2.h5
898/898 - 115s - loss: 0.4956 - accuracy: 0.7958 - val_loss: 1.0634 - val_accuracy: 0.6629 - lr: 0.0010 - 115s/epoch - 128ms/step
Epoch 101/200

Epoch 101: saving model to /home/cursos/ima543_2025_1/ima543_ealan/datos/Tarea_28_04/saved_models/ResnetV2_ResNet20v2.h5
898/898 - 115s - loss: 0.4918 - accuracy: 0.7940 - val_loss: 1.0814 - val_accuracy: 0.6594 - lr: 0.0010 - 115s/epoch - 128ms/step
Epoch 102/200

Epoch 102: saving model to /home/cursos/ima543_2025_1/ima543_ealan/datos/Tarea_28_04/saved_models/ResnetV2_ResNet20v2.h5
898/898 - 115s - loss: 0.4920 - accuracy: 0.7946 - val_loss: 1.0628 - val_accuracy: 0.6595 - lr: 3.1623e-04 - 115s/epoch - 128ms/step
Epoch 103/200

Epoch 103: saving model to /home/cursos/ima543_2025_1/ima543_ealan/datos/Tarea_28_04/saved_models/ResnetV2_ResNet20v2.h5
898/898 - 115s - loss: 0.4886 - accuracy: 0.7961 - val_loss: 1.0685 - val_accuracy: 0.6608 - lr: 0.0010 - 115s/epoch - 128ms/step
Epoch 104/200

Epoch 104: saving model to /home/cursos/ima543_2025_1/ima543_ealan/datos/Tarea_28_04/saved_models/ResnetV2_ResNet20v2.h5
898/898 - 115s - loss: 0.4850 - accuracy: 0.7966 - val_loss: 1.0840 - val_accuracy: 0.6604 - lr: 0.0010 - 115s/epoch - 128ms/step
Epoch 105/200

Epoch 105: saving model to /home/cursos/ima543_2025_1/ima543_ealan/datos/Tarea_28_04/saved_models/ResnetV2_ResNet20v2.h5
898/898 - 115s - loss: 0.4835 - accuracy: 0.7999 - val_loss: 1.0605 - val_accuracy: 0.6638 - lr: 0.0010 - 115s/epoch - 128ms/step
Epoch 106/200

Epoch 106: saving model to /home/cursos/ima543_2025_1/ima543_ealan/datos/Tarea_28_04/saved_models/ResnetV2_ResNet20v2.h5
898/898 - 115s - loss: 0.4838 - accuracy: 0.7983 - val_loss: 1.0854 - val_accuracy: 0.6638 - lr: 0.0010 - 115s/epoch - 128ms/step
Epoch 107/200

Epoch 107: saving model to /home/cursos/ima543_2025_1/ima543_ealan/datos/Tarea_28_04/saved_models/ResnetV2_ResNet20v2.h5
898/898 - 115s - loss: 0.4796 - accuracy: 0.8004 - val_loss: 1.0886 - val_accuracy: 0.6609 - lr: 3.1623e-04 - 115s/epoch - 128ms/step
Epoch 108/200

Epoch 108: saving model to /home/cursos/ima543_2025_1/ima543_ealan/datos/Tarea_28_04/saved_models/ResnetV2_ResNet20v2.h5
898/898 - 115s - loss: 0.4732 - accuracy: 0.8032 - val_loss: 1.0859 - val_accuracy: 0.6652 - lr: 0.0010 - 115s/epoch - 128ms/step
Epoch 109/200

Epoch 109: saving model to /home/cursos/ima543_2025_1/ima543_ealan/datos/Tarea_28_04/saved_models/ResnetV2_ResNet20v2.h5
898/898 - 115s - loss: 0.4705 - accuracy: 0.8048 - val_loss: 1.0791 - val_accuracy: 0.6661 - lr: 0.0010 - 115s/epoch - 128ms/step
Epoch 110/200

Epoch 110: saving model to /home/cursos/ima543_2025_1/ima543_ealan/datos/Tarea_28_04/saved_models/ResnetV2_ResNet20v2.h5
898/898 - 115s - loss: 0.4698 - accuracy: 0.8061 - val_loss: 1.0863 - val_accuracy: 0.6658 - lr: 0.0010 - 115s/epoch - 128ms/step
Epoch 111/200

Epoch 111: saving model to /home/cursos/ima543_2025_1/ima543_ealan/datos/Tarea_28_04/saved_models/ResnetV2_ResNet20v2.h5
898/898 - 115s - loss: 0.4661 - accuracy: 0.8077 - val_loss: 1.0884 - val_accuracy: 0.6666 - lr: 0.0010 - 115s/epoch - 128ms/step
Epoch 112/200

Epoch 112: saving model to /home/cursos/ima543_2025_1/ima543_ealan/datos/Tarea_28_04/saved_models/ResnetV2_ResNet20v2.h5
898/898 - 115s - loss: 0.4623 - accuracy: 0.8077 - val_loss: 1.0935 - val_accuracy: 0.6663 - lr: 3.1623e-04 - 115s/epoch - 128ms/step
Epoch 113/200

Epoch 113: saving model to /home/cursos/ima543_2025_1/ima543_ealan/datos/Tarea_28_04/saved_models/ResnetV2_ResNet20v2.h5
898/898 - 115s - loss: 0.4638 - accuracy: 0.8067 - val_loss: 1.0962 - val_accuracy: 0.6654 - lr: 0.0010 - 115s/epoch - 128ms/step
Tiempo de entrenamiento: 13161.28 s
Test loss: 1.0301, Test accuracy: 0.6669
